<?xml version="1.0" encoding="UTF-8"?>
<testng-results skipped="0" failed="1" ignored="0" total="4" passed="3">
  <reporter-output>
  </reporter-output>
  <suite name="Default suite" duration-ms="22404" started-at="2021-06-07T21:08:43 IST" finished-at="2021-06-07T21:09:05 IST">
    <groups>
      <group name="cucumber">
        <method signature="AbstractTestNGCucumberTests.feature(cucumber.api.testng.CucumberFeatureWrapper)[pri:0, instance:com.tmos.api.runner.APITestRunner@1d7acb34]" name="feature" class="cucumber.api.testng.AbstractTestNGCucumberTests"/>
      </group> <!-- cucumber -->
    </groups>
    <test name="Default test" duration-ms="22404" started-at="2021-06-07T21:08:43 IST" finished-at="2021-06-07T21:09:05 IST">
      <class name="com.tmos.api.runner.APITestRunner">
        <test-method status="PASS" signature="setUpClass()[pri:0, instance:com.tmos.api.runner.APITestRunner@1d7acb34]" name="setUpClass" is-config="true" duration-ms="365" started-at="2021-06-07T21:08:43 IST" finished-at="2021-06-07T21:08:43 IST">
          <reporter-output>
          </reporter-output>
        </test-method> <!-- setUpClass -->
        <test-method status="PASS" signature="feature(cucumber.api.testng.CucumberFeatureWrapper)[pri:0, instance:com.tmos.api.runner.APITestRunner@1d7acb34]" name="feature" duration-ms="19224" started-at="2021-06-07T21:08:43 IST" description="Runs Cucumber Feature" data-provider="features" finished-at="2021-06-07T21:09:03 IST">
          <params>
            <param index="0">
              <value>
                <![CDATA[Verify Creation and fetching Machine details]]>
              </value>
            </param>
          </params>
          <reporter-output>
          </reporter-output>
        </test-method> <!-- feature -->
        <test-method status="FAIL" signature="feature(cucumber.api.testng.CucumberFeatureWrapper)[pri:0, instance:com.tmos.api.runner.APITestRunner@1d7acb34]" name="feature" duration-ms="1493" started-at="2021-06-07T21:09:03 IST" description="Runs Cucumber Feature" data-provider="features" finished-at="2021-06-07T21:09:04 IST">
          <params>
            <param index="0">
              <value>
                <![CDATA[Verify Machine deletion API]]>
              </value>
            </param>
          </params>
          <exception class="cucumber.runtime.CucumberException">
            <message>
              <![CDATA[java.lang.AssertionError: expected [200] but found [403]]]>
            </message>
            <full-stacktrace>
              <![CDATA[cucumber.runtime.CucumberException: java.lang.AssertionError: expected [200] but found [403]
at cucumber.api.testng.TestNGCucumberRunner.runCucumber(TestNGCucumberRunner.java:69)
at cucumber.api.testng.AbstractTestNGCucumberTests.feature(AbstractTestNGCucumberTests.java:21)
at sun.reflect.NativeMethodAccessorImpl.invoke0(Native Method)
at sun.reflect.NativeMethodAccessorImpl.invoke(Unknown Source)
at sun.reflect.DelegatingMethodAccessorImpl.invoke(Unknown Source)
at java.lang.reflect.Method.invoke(Unknown Source)
at org.testng.internal.MethodInvocationHelper.invokeMethod(MethodInvocationHelper.java:132)
at org.testng.internal.TestInvoker.invokeMethod(TestInvoker.java:599)
at org.testng.internal.TestInvoker.invokeTestMethod(TestInvoker.java:174)
at org.testng.internal.MethodRunner.runInSequence(MethodRunner.java:46)
at org.testng.internal.TestInvoker$MethodInvocationAgent.invoke(TestInvoker.java:822)
at org.testng.internal.TestInvoker.invokeTestMethods(TestInvoker.java:147)
at org.testng.internal.TestMethodWorker.invokeTestMethods(TestMethodWorker.java:146)
at org.testng.internal.TestMethodWorker.run(TestMethodWorker.java:128)
at java.util.ArrayList.forEach(Unknown Source)
at org.testng.TestRunner.privateRun(TestRunner.java:764)
at org.testng.TestRunner.run(TestRunner.java:585)
at org.testng.SuiteRunner.runTest(SuiteRunner.java:384)
at org.testng.SuiteRunner.runSequentially(SuiteRunner.java:378)
at org.testng.SuiteRunner.privateRun(SuiteRunner.java:337)
at org.testng.SuiteRunner.run(SuiteRunner.java:286)
at org.testng.SuiteRunnerWorker.runSuite(SuiteRunnerWorker.java:53)
at org.testng.SuiteRunnerWorker.run(SuiteRunnerWorker.java:96)
at org.testng.TestNG.runSuitesSequentially(TestNG.java:1218)
at org.testng.TestNG.runSuitesLocally(TestNG.java:1140)
at org.testng.TestNG.runSuites(TestNG.java:1069)
at org.testng.TestNG.run(TestNG.java:1037)
at org.testng.remote.AbstractRemoteTestNG.run(AbstractRemoteTestNG.java:115)
at org.testng.remote.RemoteTestNG.initAndRun(RemoteTestNG.java:251)
at org.testng.remote.RemoteTestNG.main(RemoteTestNG.java:77)
Caused by: java.lang.AssertionError: expected [200] but found [403]
at org.testng.Assert.fail(Assert.java:99)
at org.testng.Assert.failNotEquals(Assert.java:1037)
at org.testng.Assert.assertEqualsImpl(Assert.java:140)
at org.testng.Assert.assertEquals(Assert.java:122)
at org.testng.Assert.assertEquals(Assert.java:907)
at org.testng.Assert.assertEquals(Assert.java:917)
at com.tmos.api.steps.DeleteMachineAPISteps.i_receive_HTTP_Response_code_as_for_machine_deletion_successfully(DeleteMachineAPISteps.java:48)
at âœ½.Then I receive HTTP Response code as 200 for machine deletion successfully(VerifyDeleteMachineAPI.feature:8)
]]>
            </full-stacktrace>
          </exception> <!-- cucumber.runtime.CucumberException -->
          <reporter-output>
          </reporter-output>
        </test-method> <!-- feature -->
        <test-method status="PASS" signature="feature(cucumber.api.testng.CucumberFeatureWrapper)[pri:0, instance:com.tmos.api.runner.APITestRunner@1d7acb34]" name="feature" duration-ms="413" started-at="2021-06-07T21:09:04 IST" description="Runs Cucumber Feature" data-provider="features" finished-at="2021-06-07T21:09:05 IST">
          <params>
            <param index="0">
              <value>
                <![CDATA[Fetch machine details and verify]]>
              </value>
            </param>
          </params>
          <reporter-output>
          </reporter-output>
        </test-method> <!-- feature -->
        <test-method status="PASS" signature="feature(cucumber.api.testng.CucumberFeatureWrapper)[pri:0, instance:com.tmos.api.runner.APITestRunner@1d7acb34]" name="feature" duration-ms="708" started-at="2021-06-07T21:09:05 IST" description="Runs Cucumber Feature" data-provider="features" finished-at="2021-06-07T21:09:05 IST">
          <params>
            <param index="0">
              <value>
                <![CDATA[Verify Update Machine API functionality]]>
              </value>
            </param>
          </params>
          <reporter-output>
          </reporter-output>
        </test-method> <!-- feature -->
        <test-method status="PASS" signature="tearDownClass()[pri:0, instance:com.tmos.api.runner.APITestRunner@1d7acb34]" name="tearDownClass" is-config="true" duration-ms="21" started-at="2021-06-07T21:09:05 IST" finished-at="2021-06-07T21:09:05 IST">
          <reporter-output>
          </reporter-output>
        </test-method> <!-- tearDownClass -->
      </class> <!-- com.tmos.api.runner.APITestRunner -->
    </test> <!-- Default test -->
  </suite> <!-- Default suite -->
</testng-results>
